{
  "stats": {
    "suites": 1,
    "tests": 3,
    "passes": 3,
    "pending": 0,
    "failures": 0,
    "start": "2024-05-15T11:45:24.267Z",
    "end": "2024-05-15T11:46:07.701Z",
    "duration": 43434,
    "testsRegistered": 3,
    "passPercent": 100,
    "pendingPercent": 0,
    "other": 0,
    "hasOther": false,
    "skipped": 0,
    "hasSkipped": false
  },
  "results": [
    {
      "uuid": "06102552-a415-480b-b2e7-d19dea34e906",
      "title": "",
      "fullFile": "cypress\\integration\\examples\\LoginAsSalesUser.js",
      "file": "cypress\\integration\\examples\\LoginAsSalesUser.js",
      "beforeHooks": [],
      "afterHooks": [],
      "tests": [],
      "suites": [
        {
          "uuid": "3628de48-b24c-4b21-aecd-dd0802df9156",
          "title": "Login as a any users",
          "fullFile": "",
          "file": "",
          "beforeHooks": [],
          "afterHooks": [],
          "tests": [
            {
              "title": "logs in as a sales users",
              "fullTitle": "Login as a any users logs in as a sales users",
              "timedOut": null,
              "duration": 10706,
              "state": "passed",
              "speed": "slow",
              "pass": true,
              "fail": false,
              "pending": false,
              "context": "{\n  \"title\": \"cypress-mochawesome-reporter-videos-passed\",\n  \"value\": \"cypress\\\\integration\\\\examples\\\\LoginAsSalesUser.js\"\n}",
              "code": "// Visit the login page\ncy.visit(Cypress.env('url'));\n//cy.visit('https://solclearskyqa.azurewebsites.net/Identity/Account/Login');\n//cy.visit(`${Cypress.env('baseUrl')}/login`);\ncy.loginAsSalesUser('kirana@incubxperts.com', 'Qwerty@123');\ncy.contains('Dashboard').should('be.visible');\nconsole.log('login as a sales user');",
              "err": {},
              "uuid": "72b9a3b1-359f-452b-a527-8cb880131231",
              "parentUUID": "3628de48-b24c-4b21-aecd-dd0802df9156",
              "isHook": false,
              "skipped": false
            },
            {
              "title": "logs in as a manager",
              "fullTitle": "Login as a any users logs in as a manager",
              "timedOut": null,
              "duration": 8542,
              "state": "passed",
              "speed": "medium",
              "pass": true,
              "fail": false,
              "pending": false,
              "context": "{\n  \"title\": \"cypress-mochawesome-reporter-videos-passed\",\n  \"value\": \"cypress\\\\integration\\\\examples\\\\LoginAsSalesUser.js\"\n}",
              "code": "// Visit the login page\ncy.visit('https://solclearskyqa.azurewebsites.net/Identity/Account/Login');\n//cy.visit(`${Cypress.env('baseUrl')}/login`);\ncy.loginAsManager('shivani@yopmail.com', 'Qwerty@123');\ncy.contains('Manager Dashboard').should('be.visible');\nconsole.log('login as a manager');",
              "err": {},
              "uuid": "1c144dcb-bea2-4889-a993-fdad3d7da077",
              "parentUUID": "3628de48-b24c-4b21-aecd-dd0802df9156",
              "isHook": false,
              "skipped": false
            },
            {
              "title": "logs in as a super manger",
              "fullTitle": "Login as a any users logs in as a super manger",
              "timedOut": null,
              "duration": 7869,
              "state": "passed",
              "speed": "medium",
              "pass": true,
              "fail": false,
              "pending": false,
              "context": "{\n  \"title\": \"cypress-mochawesome-reporter-videos-passed\",\n  \"value\": \"cypress\\\\integration\\\\examples\\\\LoginAsSalesUser.js\"\n}",
              "code": "// Visit the login page\ncy.visit('https://solclearskyqa.azurewebsites.net/Identity/Account/Login');\n//cy.visit(`${Cypress.env('baseUrl')}/login`);\ncy.loginAsSuperManager('atharvam@incubxperts.com', 'Qwerty@123');\ncy.contains('User Management').should('be.visible');\nconsole.log('login as a super manager');",
              "err": {},
              "uuid": "8c7fa3bd-fa71-4036-9f16-260f0812984b",
              "parentUUID": "3628de48-b24c-4b21-aecd-dd0802df9156",
              "isHook": false,
              "skipped": false
            }
          ],
          "suites": [],
          "passes": [
            "72b9a3b1-359f-452b-a527-8cb880131231",
            "1c144dcb-bea2-4889-a993-fdad3d7da077",
            "8c7fa3bd-fa71-4036-9f16-260f0812984b"
          ],
          "failures": [],
          "pending": [],
          "skipped": [],
          "duration": 27117,
          "root": false,
          "rootEmpty": false,
          "_timeout": 2000
        }
      ],
      "passes": [],
      "failures": [],
      "pending": [],
      "skipped": [],
      "duration": 0,
      "root": true,
      "rootEmpty": true,
      "_timeout": 2000
    }
  ],
  "meta": {
    "mocha": {
      "version": "7.0.1"
    },
    "mochawesome": {
      "options": {
        "quiet": false,
        "reportFilename": "mochawesome",
        "saveHtml": false,
        "saveJson": true,
        "consoleReporter": "spec",
        "useInlineDiffs": false,
        "code": true
      },
      "version": "7.1.3"
    },
    "marge": {
      "options": {
        "reportDir": "cypress/reports",
        "charts": true,
        "reportPageTitle": "Cypress Inline Reporter",
        "embeddedScreenshots": true,
        "inlineAssets": true,
        "overwrite": false,
        "html": false,
        "json": true,
        "video": true
      },
      "version": "6.2.0"
    }
  }
}