{
  "stats": {
    "suites": 1,
    "tests": 2,
    "passes": 2,
    "pending": 0,
    "failures": 0,
    "start": "2024-05-15T14:05:13.976Z",
    "end": "2024-05-15T14:05:37.914Z",
    "duration": 23938,
    "testsRegistered": 2,
    "passPercent": 100,
    "pendingPercent": 0,
    "other": 0,
    "hasOther": false,
    "skipped": 0,
    "hasSkipped": false
  },
  "results": [
    {
      "uuid": "10a63558-46bb-4d72-b894-b10d240349b7",
      "title": "",
      "fullFile": "cypress\\integration\\examples\\SalesPersonsWPP.js",
      "file": "cypress\\integration\\examples\\SalesPersonsWPP.js",
      "beforeHooks": [],
      "afterHooks": [],
      "tests": [],
      "suites": [
        {
          "uuid": "a5d63630-f8c5-4323-8ea0-bd874e3eee9f",
          "title": "Sales Persons Weekly Priority Plan",
          "fullFile": "",
          "file": "",
          "beforeHooks": [],
          "afterHooks": [],
          "tests": [
            {
              "title": "Verify landing page",
              "fullTitle": "Sales Persons Weekly Priority Plan Verify landing page",
              "timedOut": null,
              "duration": 10380,
              "state": "passed",
              "speed": "slow",
              "pass": true,
              "fail": false,
              "pending": false,
              "context": "{\n  \"title\": \"cypress-mochawesome-reporter-videos-passed\",\n  \"value\": \"cypress\\\\integration\\\\examples\\\\SalesPersonsWPP.js\"\n}",
              "code": "cy.visit(Cypress.env('url') + \"/Identity/Account/Login\");\ncy.fixture('example').then(exampleData => {\n  const user = exampleData.users[2];\n  const {\n    email,\n    password\n  } = user;\n  cy.loginAsSalesUser(user.email, user.password);\n});\ncy.contains('Dashboard').should('be.visible');\n_SalesPersonsWPPPage.default.clickOnPriorityPlan();\n// Assert manager view is displayed\ncy.contains('Manager View').should('be.visible');\n// Assert Sales person view is displayed\ncy.contains('Sales Person View').should('be.visible');",
              "err": {},
              "uuid": "51fae2b6-0c16-4f4f-b33a-24f76721bc27",
              "parentUUID": "a5d63630-f8c5-4323-8ea0-bd874e3eee9f",
              "isHook": false,
              "skipped": false
            },
            {
              "title": "Verify search based on the date range ",
              "fullTitle": "Sales Persons Weekly Priority Plan Verify search based on the date range ",
              "timedOut": null,
              "duration": 8233,
              "state": "passed",
              "speed": "medium",
              "pass": true,
              "fail": false,
              "pending": false,
              "context": "{\n  \"title\": \"cypress-mochawesome-reporter-videos-passed\",\n  \"value\": \"cypress\\\\integration\\\\examples\\\\SalesPersonsWPP.js\"\n}",
              "code": "cy.visit(Cypress.env('url') + \"/Identity/Account/Login\");\ncy.fixture('example').then(exampleData => {\n  const user = exampleData.users[2];\n  const {\n    email,\n    password\n  } = user;\n  cy.loginAsSalesUser(user.email, user.password);\n});\ncy.contains('Dashboard').should('be.visible');\n_SalesPersonsWPPPage.default.clickOnPriorityPlan();\ncy.contains('Manager View').should('be.visible');\ncy.contains('Sales Person View').should('be.visible');\n_SalesPersonsWPPPage.default.getFromDate();\n_SalesPersonsWPPPage.default.getToDate();\n_SalesPersonsWPPPage.default.clickOnSearchButton();\ncy.get('.btn').then($results => {\n  if ($results.find('.btn').length > 0) {\n    // Results are displayed\n    cy.contains('Relevant data for the selected date range').should('be.visible');\n  } else $results.find('.btn').length > 0;\n  // \"Data not found\" message is displayed\n  cy.contains('No Data Found').should('be.visible');\n});",
              "err": {},
              "uuid": "2a43411e-551e-4b2a-878f-16ce778b6b67",
              "parentUUID": "a5d63630-f8c5-4323-8ea0-bd874e3eee9f",
              "isHook": false,
              "skipped": false
            }
          ],
          "suites": [],
          "passes": [
            "51fae2b6-0c16-4f4f-b33a-24f76721bc27",
            "2a43411e-551e-4b2a-878f-16ce778b6b67"
          ],
          "failures": [],
          "pending": [],
          "skipped": [],
          "duration": 18613,
          "root": false,
          "rootEmpty": false,
          "_timeout": 2000
        }
      ],
      "passes": [],
      "failures": [],
      "pending": [],
      "skipped": [],
      "duration": 0,
      "root": true,
      "rootEmpty": true,
      "_timeout": 2000
    }
  ],
  "meta": {
    "mocha": {
      "version": "7.0.1"
    },
    "mochawesome": {
      "options": {
        "quiet": false,
        "reportFilename": "mochawesome",
        "saveHtml": false,
        "saveJson": true,
        "consoleReporter": "spec",
        "useInlineDiffs": false,
        "code": true
      },
      "version": "7.1.3"
    },
    "marge": {
      "options": {
        "reportDir": "cypress/reports",
        "charts": true,
        "reportPageTitle": "Cypress Inline Reporter",
        "embeddedScreenshots": true,
        "inlineAssets": true,
        "overwrite": false,
        "html": false,
        "json": true,
        "video": true
      },
      "version": "6.2.0"
    }
  }
}