{
  "stats": {
    "suites": 1,
    "tests": 1,
    "passes": 1,
    "pending": 0,
    "failures": 0,
    "start": "2024-05-15T11:43:01.377Z",
    "end": "2024-05-15T11:44:09.359Z",
    "duration": 67982,
    "testsRegistered": 1,
    "passPercent": 100,
    "pendingPercent": 0,
    "other": 0,
    "hasOther": false,
    "skipped": 0,
    "hasSkipped": false
  },
  "results": [
    {
      "uuid": "8e770053-ac97-4389-9401-ae787e04dab1",
      "title": "",
      "fullFile": "cypress\\integration\\examples\\EditOpprtunities.js",
      "file": "cypress\\integration\\examples\\EditOpprtunities.js",
      "beforeHooks": [],
      "afterHooks": [],
      "tests": [],
      "suites": [
        {
          "uuid": "355f46d0-fa81-4c0e-9baf-f8d1f23d50f5",
          "title": "Edit opportunities",
          "fullFile": "",
          "file": "",
          "beforeHooks": [],
          "afterHooks": [],
          "tests": [
            {
              "title": "Edit opportunities by clicking on edit button",
              "fullTitle": "Edit opportunities Edit opportunities by clicking on edit button",
              "timedOut": null,
              "duration": 62531,
              "state": "passed",
              "speed": "slow",
              "pass": true,
              "fail": false,
              "pending": false,
              "context": "{\n  \"title\": \"cypress-mochawesome-reporter-videos-passed\",\n  \"value\": \"cypress\\\\integration\\\\examples\\\\EditOpprtunities.js\"\n}",
              "code": "cy.visit(Cypress.env('url') + \"/Identity/Account/Login\");\ncy.fixture('example').then(exampleData => {\n  const user = exampleData.users[0];\n  const {\n    email,\n    password\n  } = user;\n  cy.loginAsSalesUser(user.email, user.password);\n});\ncy.contains('Dashboard').should('be.visible');\nconsole.log('Logged in as a user');\n_EditOpprtunitiesPage.default.clickOnOpprtunities();\ncy.wait(2000);\nlet tablePageContent;\ncy.get('#example').invoke('text').then(text1 => {\n  tablePageContent = text1;\n});\ncy.wait(2000);\n_EditOpprtunitiesPage.default.clickOnEditButton();\ncy.wait(2000);\nlet firstPageContent;\ncy.get('#StatusSelect').invoke('text').then(text => {\n  firstPageContent = text;\n});\n_EditOpprtunitiesPage.default.clickOnStatusSelect();\ncy.get('#StatusSelect').should('not.contain', firstPageContent);\n// Loop to click on the \"Next\" button multiple times\nconst clickNextMultipleTimes = numberOfClicks => {\n  for (let i = 0; i < numberOfClicks; i++) {\n    _EditOpprtunitiesPage.default.clickOnNextButton();\n    cy.wait(2000); //  wait time as needed\n  }\n};\n// Click on the \"Next\" button three times\nclickNextMultipleTimes(3);\n_EditOpprtunitiesPage.default.clickOnSubmitButton();\n// Assert that the table content has changed after submitting\ncy.get('#example').should('not.contain', tablePageContent);",
              "err": {},
              "uuid": "3b458cb8-e9d6-4310-92aa-9386dfee8f01",
              "parentUUID": "355f46d0-fa81-4c0e-9baf-f8d1f23d50f5",
              "isHook": false,
              "skipped": false
            }
          ],
          "suites": [],
          "passes": [
            "3b458cb8-e9d6-4310-92aa-9386dfee8f01"
          ],
          "failures": [],
          "pending": [],
          "skipped": [],
          "duration": 62531,
          "root": false,
          "rootEmpty": false,
          "_timeout": 2000
        }
      ],
      "passes": [],
      "failures": [],
      "pending": [],
      "skipped": [],
      "duration": 0,
      "root": true,
      "rootEmpty": true,
      "_timeout": 2000
    }
  ],
  "meta": {
    "mocha": {
      "version": "7.0.1"
    },
    "mochawesome": {
      "options": {
        "quiet": false,
        "reportFilename": "mochawesome",
        "saveHtml": false,
        "saveJson": true,
        "consoleReporter": "spec",
        "useInlineDiffs": false,
        "code": true
      },
      "version": "7.1.3"
    },
    "marge": {
      "options": {
        "reportDir": "cypress/reports",
        "charts": true,
        "reportPageTitle": "Cypress Inline Reporter",
        "embeddedScreenshots": true,
        "inlineAssets": true,
        "overwrite": false,
        "html": false,
        "json": true,
        "video": true
      },
      "version": "6.2.0"
    }
  }
}