{
  "stats": {
    "suites": 1,
    "tests": 3,
    "passes": 3,
    "pending": 0,
    "failures": 0,
    "start": "2024-05-15T13:55:41.397Z",
    "end": "2024-05-15T13:57:30.475Z",
    "duration": 109078,
    "testsRegistered": 3,
    "passPercent": 100,
    "pendingPercent": 0,
    "other": 0,
    "hasOther": false,
    "skipped": 0,
    "hasSkipped": false
  },
  "results": [
    {
      "uuid": "30186d88-d534-4650-9dec-fffde8616125",
      "title": "",
      "fullFile": "cypress\\integration\\examples\\CreateUser.js",
      "file": "cypress\\integration\\examples\\CreateUser.js",
      "beforeHooks": [],
      "afterHooks": [],
      "tests": [],
      "suites": [
        {
          "uuid": "4a87578b-e266-4751-bbf3-b8da13f74b5a",
          "title": "User Creation",
          "fullFile": "",
          "file": "",
          "beforeHooks": [],
          "afterHooks": [],
          "tests": [
            {
              "title": "Verify the User Management List View",
              "fullTitle": "User Creation Verify the User Management List View",
              "timedOut": null,
              "duration": 49574,
              "state": "passed",
              "speed": "slow",
              "pass": true,
              "fail": false,
              "pending": false,
              "context": "{\n  \"title\": \"cypress-mochawesome-reporter-videos-passed\",\n  \"value\": \"cypress\\\\integration\\\\examples\\\\CreateUser.js\"\n}",
              "code": "cy.visit(Cypress.env('url') + \"/Identity/Account/Login\");\ncy.fixture('example').then(exampleData => {\n  const user = exampleData.users[2];\n  const {\n    email,\n    password\n  } = user;\n  cy.loginAsSalesUser(user.email, user.password);\n});\ncy.contains('Dashboard').should('be.visible');\nconsole.log('Logged in as a user');\n_CreateUserPage.default.clickOnUserManagement();\ncy.contains('h1', 'User List').should('be.visible');\ncy.get('thead th').should('have.length', 6);",
              "err": {},
              "uuid": "71e3bda1-5c55-4ad7-86bc-e72ef89d4e0e",
              "parentUUID": "4a87578b-e266-4751-bbf3-b8da13f74b5a",
              "isHook": false,
              "skipped": false
            },
            {
              "title": "Creates different types of users",
              "fullTitle": "User Creation Creates different types of users",
              "timedOut": null,
              "duration": 31626,
              "state": "passed",
              "speed": "slow",
              "pass": true,
              "fail": false,
              "pending": false,
              "context": "{\n  \"title\": \"cypress-mochawesome-reporter-videos-passed\",\n  \"value\": \"cypress\\\\integration\\\\examples\\\\CreateUser.js\"\n}",
              "code": "cy.visit(Cypress.env('url') + \"/Identity/Account/Login\");\ncy.fixture('example').then(exampleData => {\n  const user = exampleData.users[2];\n  const {\n    email,\n    password\n  } = user;\n  cy.loginAsSalesUser(user.email, user.password);\n});\ncy.contains('Dashboard').should('be.visible');\nconsole.log('Logged in as a user');\n//CreateUserPage.clickOnUserManagement()\n//CreateUserPage.clickOnCreateNewUser()\ncy.fixture('UserData.json').then(userData => {\n  // Loop through each user type\n  Object.keys(userData).forEach(userType => {\n    const user = userData[userType];\n    _CreateUserPage.default.clickOnUserManagement();\n    _CreateUserPage.default.clickOnCreateNewUser();\n    // Fill in user details using custom command\n    cy.fillUserDetails(user);\n    cy.wait(2000);\n    if (user.roles.includes('Sales Person')) {\n      cy.get('#content > main > div.col-md-7.col-lg-8 > form > div.row.g-3 > div:nth-child(12)').should('be.visible');\n    } else if (user.roles.includes('Manager')) {\n      cy.get('#content > main > div.col-md-7.col-lg-8 > form > div.row.g-3 > div:nth-child(12)').should('be.visible');\n    } else if (user.roles.includes('Super Manager')) {\n      cy.get('#content > main > div.col-md-7.col-lg-8 > form > div.row.g-3 > div:nth-child(12)').should('be.visible');\n    } else {\n      // Handle unexpected user role\n      throw new Error(`Unknown user role for user type: ${userType}`);\n    }\n  });\n});",
              "err": {},
              "uuid": "1ec5c41d-fa90-40c5-a7a0-d532efa44f14",
              "parentUUID": "4a87578b-e266-4751-bbf3-b8da13f74b5a",
              "isHook": false,
              "skipped": false
            },
            {
              "title": "Edit user",
              "fullTitle": "User Creation Edit user",
              "timedOut": null,
              "duration": 18046,
              "state": "passed",
              "speed": "slow",
              "pass": true,
              "fail": false,
              "pending": false,
              "context": "{\n  \"title\": \"cypress-mochawesome-reporter-videos-passed\",\n  \"value\": \"cypress\\\\integration\\\\examples\\\\CreateUser.js\"\n}",
              "code": "cy.visit(Cypress.env('url') + \"/Identity/Account/Login\");\ncy.fixture('example').then(exampleData => {\n  const user = exampleData.users[2];\n  const {\n    email,\n    password\n  } = user;\n  cy.loginAsSalesUser(user.email, user.password);\n});\ncy.contains('Dashboard').should('be.visible');\nconsole.log('Logged in as a user');\n_CreateUserPage.default.clickOnUserManagement();\n_CreateUserPage.default.clickOnSearch();\nlet firstName = 'kiran';\nlet lastName = 'Adhavade';\ncy.get('#search').clear().type(firstName);\n_CreateUserPage.default.clickOnSearchButton();\n// Check if the user is found\ncy.get('table').contains('tr', firstName).as('userRow').then($userRow => {\n  if ($userRow.length > 0) {\n    // If the user is found, proceed with editing\n    cy.get('[title=\"Edit User\"] > .bi').click();\n    console.log('User found, proceeding with editing...');\n    cy.get('#firstName').clear().type(firstName);\n    cy.get('#lastName').clear().type(lastName);\n    cy.get('#content > main > div.col-md-7.col-lg-8 > form > div:nth-child(5) > div:nth-child(2) > button').click();\n    console.log('User updated successfully!');\n  } else {\n    // If the user is not found, log and assert\n    cy.log('User not found based on the search criteria');\n    cy.wrap(true).should('eq', false); // Fail the test\n  }\n});",
              "err": {},
              "uuid": "09cfba4e-df4f-4765-8d87-0891ff2acb7f",
              "parentUUID": "4a87578b-e266-4751-bbf3-b8da13f74b5a",
              "isHook": false,
              "skipped": false
            }
          ],
          "suites": [],
          "passes": [
            "71e3bda1-5c55-4ad7-86bc-e72ef89d4e0e",
            "1ec5c41d-fa90-40c5-a7a0-d532efa44f14",
            "09cfba4e-df4f-4765-8d87-0891ff2acb7f"
          ],
          "failures": [],
          "pending": [],
          "skipped": [],
          "duration": 99246,
          "root": false,
          "rootEmpty": false,
          "_timeout": 2000
        }
      ],
      "passes": [],
      "failures": [],
      "pending": [],
      "skipped": [],
      "duration": 0,
      "root": true,
      "rootEmpty": true,
      "_timeout": 2000
    }
  ],
  "meta": {
    "mocha": {
      "version": "7.0.1"
    },
    "mochawesome": {
      "options": {
        "quiet": false,
        "reportFilename": "mochawesome",
        "saveHtml": false,
        "saveJson": true,
        "consoleReporter": "spec",
        "useInlineDiffs": false,
        "code": true
      },
      "version": "7.1.3"
    },
    "marge": {
      "options": {
        "reportDir": "cypress/reports",
        "charts": true,
        "reportPageTitle": "Cypress Inline Reporter",
        "embeddedScreenshots": true,
        "inlineAssets": true,
        "overwrite": false,
        "html": false,
        "json": true,
        "video": true
      },
      "version": "6.2.0"
    }
  }
}