{
  "stats": {
    "suites": 1,
    "tests": 2,
    "passes": 2,
    "pending": 0,
    "failures": 0,
    "start": "2024-05-15T11:49:46.494Z",
    "end": "2024-05-15T11:50:07.894Z",
    "duration": 21400,
    "testsRegistered": 2,
    "passPercent": 100,
    "pendingPercent": 0,
    "other": 0,
    "hasOther": false,
    "skipped": 0,
    "hasSkipped": false
  },
  "results": [
    {
      "uuid": "93932637-8681-4406-8a14-ee2a22fc6f94",
      "title": "",
      "fullFile": "cypress\\integration\\examples\\SalesPersonsWPP.js",
      "file": "cypress\\integration\\examples\\SalesPersonsWPP.js",
      "beforeHooks": [],
      "afterHooks": [],
      "tests": [],
      "suites": [
        {
          "uuid": "87a4a390-715c-4e17-bff4-e1dbf1eb17c6",
          "title": "Sales Persons Weekly Priority Plan",
          "fullFile": "",
          "file": "",
          "beforeHooks": [],
          "afterHooks": [],
          "tests": [
            {
              "title": "Verify landing page",
              "fullTitle": "Sales Persons Weekly Priority Plan Verify landing page",
              "timedOut": null,
              "duration": 10686,
              "state": "passed",
              "speed": "slow",
              "pass": true,
              "fail": false,
              "pending": false,
              "context": "{\n  \"title\": \"cypress-mochawesome-reporter-videos-passed\",\n  \"value\": \"cypress\\\\integration\\\\examples\\\\SalesPersonsWPP.js\"\n}",
              "code": "cy.visit(Cypress.env('url') + \"/Identity/Account/Login\");\ncy.fixture('example').then(exampleData => {\n  const user = exampleData.users[2];\n  const {\n    email,\n    password\n  } = user;\n  cy.loginAsSalesUser(user.email, user.password);\n});\ncy.contains('Dashboard').should('be.visible');\n_SalesPersonsWPPPage.default.clickOnPriorityPlan();\n// Assert manager view is displayed\ncy.contains('Manager View').should('be.visible');\n// Assert Sales person view is displayed\ncy.contains('Sales Person View').should('be.visible');",
              "err": {},
              "uuid": "1562b481-cee8-4b11-9e91-03eb40877365",
              "parentUUID": "87a4a390-715c-4e17-bff4-e1dbf1eb17c6",
              "isHook": false,
              "skipped": false
            },
            {
              "title": "Verify search based on the date range ",
              "fullTitle": "Sales Persons Weekly Priority Plan Verify search based on the date range ",
              "timedOut": null,
              "duration": 7359,
              "state": "passed",
              "speed": "medium",
              "pass": true,
              "fail": false,
              "pending": false,
              "context": "{\n  \"title\": \"cypress-mochawesome-reporter-videos-passed\",\n  \"value\": \"cypress\\\\integration\\\\examples\\\\SalesPersonsWPP.js\"\n}",
              "code": "cy.visit(Cypress.env('url') + \"/Identity/Account/Login\");\ncy.fixture('example').then(exampleData => {\n  const user = exampleData.users[2];\n  const {\n    email,\n    password\n  } = user;\n  cy.loginAsSalesUser(user.email, user.password);\n});\ncy.contains('Dashboard').should('be.visible');\n_SalesPersonsWPPPage.default.clickOnPriorityPlan();\ncy.contains('Manager View').should('be.visible');\ncy.contains('Sales Person View').should('be.visible');\n_SalesPersonsWPPPage.default.getFromDate();\n_SalesPersonsWPPPage.default.getToDate();\n_SalesPersonsWPPPage.default.clickOnSearchButton();\ncy.get('.btn').then($results => {\n  if ($results.find('.btn').length > 0) {\n    // Results are displayed\n    cy.contains('Relevant data for the selected date range').should('be.visible');\n  } else $results.find('.btn').length > 0;\n  // \"Data not found\" message is displayed\n  cy.contains('No Data Found').should('be.visible');\n});",
              "err": {},
              "uuid": "86501977-6ade-40e3-8d4f-81da4bd07a16",
              "parentUUID": "87a4a390-715c-4e17-bff4-e1dbf1eb17c6",
              "isHook": false,
              "skipped": false
            }
          ],
          "suites": [],
          "passes": [
            "1562b481-cee8-4b11-9e91-03eb40877365",
            "86501977-6ade-40e3-8d4f-81da4bd07a16"
          ],
          "failures": [],
          "pending": [],
          "skipped": [],
          "duration": 18045,
          "root": false,
          "rootEmpty": false,
          "_timeout": 2000
        }
      ],
      "passes": [],
      "failures": [],
      "pending": [],
      "skipped": [],
      "duration": 0,
      "root": true,
      "rootEmpty": true,
      "_timeout": 2000
    }
  ],
  "meta": {
    "mocha": {
      "version": "7.0.1"
    },
    "mochawesome": {
      "options": {
        "quiet": false,
        "reportFilename": "mochawesome",
        "saveHtml": false,
        "saveJson": true,
        "consoleReporter": "spec",
        "useInlineDiffs": false,
        "code": true
      },
      "version": "7.1.3"
    },
    "marge": {
      "options": {
        "reportDir": "cypress/reports",
        "charts": true,
        "reportPageTitle": "Cypress Inline Reporter",
        "embeddedScreenshots": true,
        "inlineAssets": true,
        "overwrite": false,
        "html": false,
        "json": true,
        "video": true
      },
      "version": "6.2.0"
    }
  }
}