{
  "stats": {
    "suites": 1,
    "tests": 1,
    "passes": 1,
    "pending": 0,
    "failures": 0,
    "start": "2024-05-15T11:50:15.836Z",
    "end": "2024-05-15T11:50:35.801Z",
    "duration": 19965,
    "testsRegistered": 1,
    "passPercent": 100,
    "pendingPercent": 0,
    "other": 0,
    "hasOther": false,
    "skipped": 0,
    "hasSkipped": false
  },
  "results": [
    {
      "uuid": "9b6c7d65-7899-4517-9f98-b30d5f657fbe",
      "title": "",
      "fullFile": "cypress\\integration\\examples\\SearchOpprtunities.js",
      "file": "cypress\\integration\\examples\\SearchOpprtunities.js",
      "beforeHooks": [],
      "afterHooks": [],
      "tests": [],
      "suites": [
        {
          "uuid": "b76d1675-3006-4f45-b29b-7924b03f1b61",
          "title": "Search opportunities - by stage",
          "fullFile": "",
          "file": "",
          "beforeHooks": [],
          "afterHooks": [],
          "tests": [
            {
              "title": "Search opportunities",
              "fullTitle": "Search opportunities - by stage Search opportunities",
              "timedOut": null,
              "duration": 16035,
              "state": "passed",
              "speed": "slow",
              "pass": true,
              "fail": false,
              "pending": false,
              "context": "{\n  \"title\": \"cypress-mochawesome-reporter-videos-passed\",\n  \"value\": \"cypress\\\\integration\\\\examples\\\\SearchOpprtunities.js\"\n}",
              "code": "//cy.visit('https://solclearskyqa.azurewebsites.net/Identity/Account/Login');\ncy.visit(Cypress.env('url') + \"/Identity/Account/Login\");\n//cy.visit('/Identity/Account/Login');\n//cy.visit(`${Cypress.env('baseUrl')}/login`);\ncy.fixture('example').then(exampleData => {\n  // Extract the credentials of the user at the index\n  const user = exampleData.users[0]; // Index 1 corresponds to the 1st user\n  const {\n    email,\n    password\n  } = user;\n  cy.loginAsSalesUser(user.email, user.password);\n});\ncy.contains('Dashboard').should('be.visible');\nconsole.log('login as a user');\n_SearchOpprtunitiesPage.default.clickOnOpprtunities();\nlet tablePageContent;\ncy.get('#example').invoke('text').then(text1 => {\n  tablePageContent = text1;\n});\n_SearchOpprtunitiesPage.default.clickOnStage();\n//   cy.get('#example > thead > tr > th:nth-child(1)').invoke('text').then((text) => {\n//     Perform assertions or further processing\n//     expect(text).to.contain('Company');\n//   });\ncy.wait(2000);\ncy.get('#example').should('not.contain', tablePageContent);\n// cy.get('table tbody tr').first().within(() => {\n//     // Extract company name from first row\n//     cy.get('td:nth-child(1)').invoke('text').then((companyName) => {\n//       // Perform assertion for first row\n//       expect(companyName).to.contain('Jamaica CMS-East LYNKS Construction & Maintenance Co. Ltd'); //  assertion as per our requirement\n//     });\n//   });",
              "err": {},
              "uuid": "6d76f7bc-da11-4c9b-a7ee-d66856093f39",
              "parentUUID": "b76d1675-3006-4f45-b29b-7924b03f1b61",
              "isHook": false,
              "skipped": false
            }
          ],
          "suites": [],
          "passes": [
            "6d76f7bc-da11-4c9b-a7ee-d66856093f39"
          ],
          "failures": [],
          "pending": [],
          "skipped": [],
          "duration": 16035,
          "root": false,
          "rootEmpty": false,
          "_timeout": 2000
        }
      ],
      "passes": [],
      "failures": [],
      "pending": [],
      "skipped": [],
      "duration": 0,
      "root": true,
      "rootEmpty": true,
      "_timeout": 2000
    }
  ],
  "meta": {
    "mocha": {
      "version": "7.0.1"
    },
    "mochawesome": {
      "options": {
        "quiet": false,
        "reportFilename": "mochawesome",
        "saveHtml": false,
        "saveJson": true,
        "consoleReporter": "spec",
        "useInlineDiffs": false,
        "code": true
      },
      "version": "7.1.3"
    },
    "marge": {
      "options": {
        "reportDir": "cypress/reports",
        "charts": true,
        "reportPageTitle": "Cypress Inline Reporter",
        "embeddedScreenshots": true,
        "inlineAssets": true,
        "overwrite": false,
        "html": false,
        "json": true,
        "video": true
      },
      "version": "6.2.0"
    }
  }
}