{
  "stats": {
    "suites": 1,
    "tests": 1,
    "passes": 1,
    "pending": 0,
    "failures": 0,
    "start": "2024-05-15T14:01:22.908Z",
    "end": "2024-05-15T14:02:27.585Z",
    "duration": 64677,
    "testsRegistered": 1,
    "passPercent": 100,
    "pendingPercent": 0,
    "other": 0,
    "hasOther": false,
    "skipped": 0,
    "hasSkipped": false
  },
  "results": [
    {
      "uuid": "78bd9095-7c8c-4c61-a721-c4f6af40d27f",
      "title": "",
      "fullFile": "cypress\\integration\\examples\\Login.js",
      "file": "cypress\\integration\\examples\\Login.js",
      "beforeHooks": [],
      "afterHooks": [],
      "tests": [],
      "suites": [
        {
          "uuid": "72fdb68c-e7de-4e48-80a6-5114d35380ed",
          "title": "Login as multiple users",
          "fullFile": "",
          "file": "",
          "beforeHooks": [],
          "afterHooks": [],
          "tests": [
            {
              "title": "logs in as sales users and logs out",
              "fullTitle": "Login as multiple users logs in as sales users and logs out",
              "timedOut": null,
              "duration": 59553,
              "state": "passed",
              "speed": "slow",
              "pass": true,
              "fail": false,
              "pending": false,
              "context": "{\n  \"title\": \"cypress-mochawesome-reporter-videos-passed\",\n  \"value\": \"cypress\\\\integration\\\\examples\\\\Login.js\"\n}",
              "code": "// Visit the login page\n//cy.visit('https://solclearskyqa.azurewebsites.net/Identity/Account/Login');\ncy.visit(Cypress.env('url'));\n// Perform login for each user\ncy.get('@userData').each(user => {\n  cy.get('#Input_Email').clear().type(user.email);\n  cy.get('.btn').click();\n  //cy.wait(3000)\n  cy.get('.shivanand').clear().type(user.password);\n  //cy.get('#password-a159af27-d8bb-4454-b8b7-ff4b435311b0')\n  cy.get('.btn-primary').click();\n  // Wait for login process to complete (you may adjust the wait time as needed)\n  cy.wait(2000);\n  // Assert that the dashboard is visible after login\n  cy.contains('Dashboard').should('be.visible');\n  console.log(`Logged in as ${user.email}`);\n  // Click on the logout button\n  cy.get('#header > div.menu > div > a').click();\n  // Assert that the logout dropdown is visible\n  cy.get('#header > div.menu > div > div > form > button').should('be.visible');\n  // Click on the logout button inside the dropdown\n  cy.get('.dropdown-item').click();\n  // Assert that the user is redirected to the login page after logout\n  cy.url().should('include', '/Login');\n});",
              "err": {},
              "uuid": "ff297f7c-bf12-4e9e-97e6-6ab99f74875b",
              "parentUUID": "72fdb68c-e7de-4e48-80a6-5114d35380ed",
              "isHook": false,
              "skipped": false
            }
          ],
          "suites": [],
          "passes": [
            "ff297f7c-bf12-4e9e-97e6-6ab99f74875b"
          ],
          "failures": [],
          "pending": [],
          "skipped": [],
          "duration": 59553,
          "root": false,
          "rootEmpty": false,
          "_timeout": 2000
        }
      ],
      "passes": [],
      "failures": [],
      "pending": [],
      "skipped": [],
      "duration": 0,
      "root": true,
      "rootEmpty": true,
      "_timeout": 2000
    }
  ],
  "meta": {
    "mocha": {
      "version": "7.0.1"
    },
    "mochawesome": {
      "options": {
        "quiet": false,
        "reportFilename": "mochawesome",
        "saveHtml": false,
        "saveJson": true,
        "consoleReporter": "spec",
        "useInlineDiffs": false,
        "code": true
      },
      "version": "7.1.3"
    },
    "marge": {
      "options": {
        "reportDir": "cypress/reports",
        "charts": true,
        "reportPageTitle": "Cypress Inline Reporter",
        "embeddedScreenshots": true,
        "inlineAssets": true,
        "overwrite": false,
        "html": false,
        "json": true,
        "video": true
      },
      "version": "6.2.0"
    }
  }
}