{
  "stats": {
    "suites": 1,
    "tests": 1,
    "passes": 1,
    "pending": 0,
    "failures": 0,
    "start": "2024-05-15T11:42:15.965Z",
    "end": "2024-05-15T11:42:51.225Z",
    "duration": 35260,
    "testsRegistered": 1,
    "passPercent": 100,
    "pendingPercent": 0,
    "other": 0,
    "hasOther": false,
    "skipped": 0,
    "hasSkipped": false
  },
  "results": [
    {
      "uuid": "5275762c-5bf0-4d55-b2cc-5eb1db7604e3",
      "title": "",
      "fullFile": "cypress\\integration\\examples\\DeleteOpprtunitie.js",
      "file": "cypress\\integration\\examples\\DeleteOpprtunitie.js",
      "beforeHooks": [],
      "afterHooks": [],
      "tests": [],
      "suites": [
        {
          "uuid": "c59fa868-2850-4256-a462-52557889fa20",
          "title": "Delete opportunities",
          "fullFile": "",
          "file": "",
          "beforeHooks": [],
          "afterHooks": [],
          "tests": [
            {
              "title": "Delete opportunitie by clicking on delete button",
              "fullTitle": "Delete opportunities Delete opportunitie by clicking on delete button",
              "timedOut": null,
              "duration": 29538,
              "state": "passed",
              "speed": "slow",
              "pass": true,
              "fail": false,
              "pending": false,
              "context": "{\n  \"title\": \"cypress-mochawesome-reporter-videos-passed\",\n  \"value\": \"cypress\\\\integration\\\\examples\\\\DeleteOpprtunitie.js\"\n}",
              "code": "cy.visit(Cypress.env('url') + \"/Identity/Account/Login\");\ncy.fixture('example').then(exampleData => {\n  const user = exampleData.users[2];\n  const {\n    email,\n    password\n  } = user;\n  cy.loginAsSalesUser(user.email, user.password);\n});\ncy.contains('Dashboard').should('be.visible');\nconsole.log('Logged in as a user');\n_DeleteOpprtunitiePage.default.clickOnOpprtunities();\ncy.wait(2000);\nlet tablePageContent;\ncy.get('#example').invoke('text').then(text1 => {\n  tablePageContent = text1;\n});\ncy.wait(2000);\n_DeleteOpprtunitiePage.default.clickOnDeleteButton();\ncy.wait(2000);\n_DeleteOpprtunitiePage.default.clickOnpopup();\n//OpprtunitiesPage.clickOnSubmitButton();\n// Assert that the table content has changed after submitting\ncy.get('#example').should('not.contain', tablePageContent);",
              "err": {},
              "uuid": "23611cc7-b36b-4d5e-b545-8d4a626f1180",
              "parentUUID": "c59fa868-2850-4256-a462-52557889fa20",
              "isHook": false,
              "skipped": false
            }
          ],
          "suites": [],
          "passes": [
            "23611cc7-b36b-4d5e-b545-8d4a626f1180"
          ],
          "failures": [],
          "pending": [],
          "skipped": [],
          "duration": 29538,
          "root": false,
          "rootEmpty": false,
          "_timeout": 2000
        }
      ],
      "passes": [],
      "failures": [],
      "pending": [],
      "skipped": [],
      "duration": 0,
      "root": true,
      "rootEmpty": true,
      "_timeout": 2000
    }
  ],
  "meta": {
    "mocha": {
      "version": "7.0.1"
    },
    "mochawesome": {
      "options": {
        "quiet": false,
        "reportFilename": "mochawesome",
        "saveHtml": false,
        "saveJson": true,
        "consoleReporter": "spec",
        "useInlineDiffs": false,
        "code": true
      },
      "version": "7.1.3"
    },
    "marge": {
      "options": {
        "reportDir": "cypress/reports",
        "charts": true,
        "reportPageTitle": "Cypress Inline Reporter",
        "embeddedScreenshots": true,
        "inlineAssets": true,
        "overwrite": false,
        "html": false,
        "json": true,
        "video": true
      },
      "version": "6.2.0"
    }
  }
}