{
  "stats": {
    "suites": 1,
    "tests": 3,
    "passes": 3,
    "pending": 0,
    "failures": 0,
    "start": "2024-05-15T14:02:40.099Z",
    "end": "2024-05-15T14:03:19.858Z",
    "duration": 39759,
    "testsRegistered": 3,
    "passPercent": 100,
    "pendingPercent": 0,
    "other": 0,
    "hasOther": false,
    "skipped": 0,
    "hasSkipped": false
  },
  "results": [
    {
      "uuid": "7173e334-6642-4ebe-9b53-ff364e426643",
      "title": "",
      "fullFile": "cypress\\integration\\examples\\LoginAsSalesUser.js",
      "file": "cypress\\integration\\examples\\LoginAsSalesUser.js",
      "beforeHooks": [],
      "afterHooks": [],
      "tests": [],
      "suites": [
        {
          "uuid": "32cdceff-9188-4813-8c03-b1fba6491f06",
          "title": "Login as a any users",
          "fullFile": "",
          "file": "",
          "beforeHooks": [],
          "afterHooks": [],
          "tests": [
            {
              "title": "logs in as a sales users",
              "fullTitle": "Login as a any users logs in as a sales users",
              "timedOut": null,
              "duration": 11939,
              "state": "passed",
              "speed": "slow",
              "pass": true,
              "fail": false,
              "pending": false,
              "context": "{\n  \"title\": \"cypress-mochawesome-reporter-videos-passed\",\n  \"value\": \"cypress\\\\integration\\\\examples\\\\LoginAsSalesUser.js\"\n}",
              "code": "// Visit the login page\ncy.visit(Cypress.env('url'));\n//cy.visit('https://solclearskyqa.azurewebsites.net/Identity/Account/Login');\n//cy.visit(`${Cypress.env('baseUrl')}/login`);\ncy.loginAsSalesUser('kirana@incubxperts.com', 'Qwerty@123');\ncy.contains('Dashboard').should('be.visible');\nconsole.log('login as a sales user');",
              "err": {},
              "uuid": "025b196a-f169-45bd-9e62-82f4c8f703c3",
              "parentUUID": "32cdceff-9188-4813-8c03-b1fba6491f06",
              "isHook": false,
              "skipped": false
            },
            {
              "title": "logs in as a manager",
              "fullTitle": "Login as a any users logs in as a manager",
              "timedOut": null,
              "duration": 7020,
              "state": "passed",
              "speed": "medium",
              "pass": true,
              "fail": false,
              "pending": false,
              "context": "{\n  \"title\": \"cypress-mochawesome-reporter-videos-passed\",\n  \"value\": \"cypress\\\\integration\\\\examples\\\\LoginAsSalesUser.js\"\n}",
              "code": "// Visit the login page\ncy.visit('https://solclearskyqa.azurewebsites.net/Identity/Account/Login');\n//cy.visit(`${Cypress.env('baseUrl')}/login`);\ncy.loginAsManager('shivani@yopmail.com', 'Qwerty@123');\ncy.contains('Manager Dashboard').should('be.visible');\nconsole.log('login as a manager');",
              "err": {},
              "uuid": "111a7d41-23fd-4d5f-ab8f-c7aae8f0ab3c",
              "parentUUID": "32cdceff-9188-4813-8c03-b1fba6491f06",
              "isHook": false,
              "skipped": false
            },
            {
              "title": "logs in as a super manger",
              "fullTitle": "Login as a any users logs in as a super manger",
              "timedOut": null,
              "duration": 6600,
              "state": "passed",
              "speed": "medium",
              "pass": true,
              "fail": false,
              "pending": false,
              "context": "{\n  \"title\": \"cypress-mochawesome-reporter-videos-passed\",\n  \"value\": \"cypress\\\\integration\\\\examples\\\\LoginAsSalesUser.js\"\n}",
              "code": "// Visit the login page\ncy.visit('https://solclearskyqa.azurewebsites.net/Identity/Account/Login');\n//cy.visit(`${Cypress.env('baseUrl')}/login`);\ncy.loginAsSuperManager('atharvam@incubxperts.com', 'Qwerty@123');\ncy.contains('User Management').should('be.visible');\nconsole.log('login as a super manager');",
              "err": {},
              "uuid": "22d494ab-61d9-4afd-bb4e-8932a8f6f987",
              "parentUUID": "32cdceff-9188-4813-8c03-b1fba6491f06",
              "isHook": false,
              "skipped": false
            }
          ],
          "suites": [],
          "passes": [
            "025b196a-f169-45bd-9e62-82f4c8f703c3",
            "111a7d41-23fd-4d5f-ab8f-c7aae8f0ab3c",
            "22d494ab-61d9-4afd-bb4e-8932a8f6f987"
          ],
          "failures": [],
          "pending": [],
          "skipped": [],
          "duration": 25559,
          "root": false,
          "rootEmpty": false,
          "_timeout": 2000
        }
      ],
      "passes": [],
      "failures": [],
      "pending": [],
      "skipped": [],
      "duration": 0,
      "root": true,
      "rootEmpty": true,
      "_timeout": 2000
    }
  ],
  "meta": {
    "mocha": {
      "version": "7.0.1"
    },
    "mochawesome": {
      "options": {
        "quiet": false,
        "reportFilename": "mochawesome",
        "saveHtml": false,
        "saveJson": true,
        "consoleReporter": "spec",
        "useInlineDiffs": false,
        "code": true
      },
      "version": "7.1.3"
    },
    "marge": {
      "options": {
        "reportDir": "cypress/reports",
        "charts": true,
        "reportPageTitle": "Cypress Inline Reporter",
        "embeddedScreenshots": true,
        "inlineAssets": true,
        "overwrite": false,
        "html": false,
        "json": true,
        "video": true
      },
      "version": "6.2.0"
    }
  }
}