{
  "stats": {
    "suites": 1,
    "tests": 1,
    "passes": 0,
    "pending": 1,
    "failures": 0,
    "start": "2024-05-15T14:07:05.400Z",
    "end": "2024-05-15T14:07:05.440Z",
    "duration": 40,
    "testsRegistered": 1,
    "passPercent": null,
    "pendingPercent": 100,
    "other": 0,
    "hasOther": false,
    "skipped": 0,
    "hasSkipped": false
  },
  "results": [
    {
      "uuid": "7223f95f-9187-4034-a00c-51c151c73f95",
      "title": "",
      "fullFile": "cypress\\integration\\examples\\Test1.js",
      "file": "cypress\\integration\\examples\\Test1.js",
      "beforeHooks": [],
      "afterHooks": [],
      "tests": [],
      "suites": [
        {
          "uuid": "f8ba0265-ba7c-4bd1-badb-042217d70016",
          "title": "Calendar Handling Test",
          "fullFile": "",
          "file": "",
          "beforeHooks": [],
          "afterHooks": [],
          "tests": [
            {
              "title": "Should select a specific date from the calendar",
              "fullTitle": "Calendar Handling Test Should select a specific date from the calendar",
              "timedOut": null,
              "duration": 0,
              "state": "pending",
              "speed": null,
              "pass": false,
              "fail": false,
              "pending": true,
              "context": "{\n  \"title\": \"cypress-mochawesome-reporter-videos-pending\",\n  \"value\": \"cypress\\\\integration\\\\examples\\\\Test1.js\"\n}",
              "code": "// Visit the webpage with the date picker/calendar input\ncy.visit('https://solclearskyqa.azurewebsites.net/Identity/Account/Login');\ncy.get('#Input_Email').type('kirana@incubxperts.com');\ncy.get('.btn').click();\ncy.wait(3000);\ncy.get('.shivanand').type('Qwerty@123');\ncy.get('#ff823a88-6800-467e-a77d-72347109418d').click();\ncy.get('#a-opportunities > .menu-text').click();\ncy.get('[style=\"float:right;background-color:#00b156;color:white\"]').click();\n// Select 'Execute' option from the dropdown\ncy.get('#StatusSelect').select('Execute');\n// Select 'Fleet card' option from the dropdown\n// cy.get('#select2-clientlocation-container').click(); // Click to open the dropdown\ncy.get('#select2-clientlocation-container').type('Fleet').get('.select2-results__options').each(($e1, index, $list) => {\n  if ($e1.text() === \"Fleet card\") {\n    cy.wrap($e1).click();\n  }\n});\n//cy.get('.select2-search__field').select('Fleet card'); // Type the text to filter options\n//cy.contains('.select2-results__option',).click(); \ncy.get('#nextBtn').click();\ncy.get('#startDate').get('input[type=\"date\"]').should('exist').first().as('firstDateInput').invoke('val', '2024-05-02');\n// // Click on the date input field to open the calendar\n// cy.get('#startDate').click()\n// // Assuming the calendar is displayed as a popup/modal\n// // You may need to adjust the selector based on the actual implementation\n// // Here, we're selecting April 2024\n// cy.get('.datepicker-month').select('April')\n// cy.get('.datepicker-year').select('2024')\n// // Find and click on the specific date (e.g., April 23, 2024)\n// cy.contains('.datepicker-days td', '23').click()\n// // Optionally, you can assert that the selected date is displayed in the input field\n// cy.get('#date-input').should('have.value', '04/23/2024')",
              "err": {},
              "uuid": "0609a985-00fb-4607-a305-b63d057b16f1",
              "parentUUID": "f8ba0265-ba7c-4bd1-badb-042217d70016",
              "isHook": false,
              "skipped": false
            }
          ],
          "suites": [],
          "passes": [],
          "failures": [],
          "pending": [
            "0609a985-00fb-4607-a305-b63d057b16f1"
          ],
          "skipped": [],
          "duration": 0,
          "root": false,
          "rootEmpty": false,
          "_timeout": 2000
        }
      ],
      "passes": [],
      "failures": [],
      "pending": [],
      "skipped": [],
      "duration": 0,
      "root": true,
      "rootEmpty": true,
      "_timeout": 2000
    }
  ],
  "meta": {
    "mocha": {
      "version": "7.0.1"
    },
    "mochawesome": {
      "options": {
        "quiet": false,
        "reportFilename": "mochawesome",
        "saveHtml": false,
        "saveJson": true,
        "consoleReporter": "spec",
        "useInlineDiffs": false,
        "code": true
      },
      "version": "7.1.3"
    },
    "marge": {
      "options": {
        "reportDir": "cypress/reports",
        "charts": true,
        "reportPageTitle": "Cypress Inline Reporter",
        "embeddedScreenshots": true,
        "inlineAssets": true,
        "overwrite": false,
        "html": false,
        "json": true,
        "video": true
      },
      "version": "6.2.0"
    }
  }
}