{
  "stats": {
    "suites": 1,
    "tests": 1,
    "passes": 1,
    "pending": 0,
    "failures": 0,
    "start": "2024-05-15T11:36:32.955Z",
    "end": "2024-05-15T11:39:12.997Z",
    "duration": 160042,
    "testsRegistered": 1,
    "passPercent": 100,
    "pendingPercent": 0,
    "other": 0,
    "hasOther": false,
    "skipped": 0,
    "hasSkipped": false
  },
  "results": [
    {
      "uuid": "b9ec6942-207c-46cd-a622-8c9d5fc2ce2a",
      "title": "",
      "fullFile": "cypress\\integration\\examples\\CreateUser.js",
      "file": "cypress\\integration\\examples\\CreateUser.js",
      "beforeHooks": [],
      "afterHooks": [],
      "tests": [],
      "suites": [
        {
          "uuid": "3372a477-89bf-4e98-a8d9-4e70141f0233",
          "title": "User Creation",
          "fullFile": "",
          "file": "",
          "beforeHooks": [],
          "afterHooks": [],
          "tests": [
            {
              "title": "Creates different types of users",
              "fullTitle": "User Creation Creates different types of users",
              "timedOut": null,
              "duration": 149365,
              "state": "passed",
              "speed": "slow",
              "pass": true,
              "fail": false,
              "pending": false,
              "context": "{\n  \"title\": \"cypress-mochawesome-reporter-videos-passed\",\n  \"value\": \"cypress\\\\integration\\\\examples\\\\CreateUser.js\"\n}",
              "code": "cy.visit(Cypress.env('url') + \"/Identity/Account/Login\");\ncy.fixture('example').then(exampleData => {\n  const user = exampleData.users[2];\n  const {\n    email,\n    password\n  } = user;\n  cy.loginAsSalesUser(user.email, user.password);\n});\ncy.contains('Dashboard').should('be.visible');\nconsole.log('Logged in as a user');\n_CreateUserPage.default.clickOnUserManagement();\n_CreateUserPage.default.clickOnCreateNewUser();\ncy.fixture('UserData.json').then(userData => {\n  // Loop through each user type\n  Object.keys(userData).forEach(userType => {\n    const user = userData[userType];\n    // Fill in user details using custom command\n    cy.fillUserDetails(user);\n    // Continue with other actions...\n  });\n});",
              "err": {},
              "uuid": "ace7d32d-dc1b-496b-a4a6-46f51e3f3f11",
              "parentUUID": "3372a477-89bf-4e98-a8d9-4e70141f0233",
              "isHook": false,
              "skipped": false
            }
          ],
          "suites": [],
          "passes": [
            "ace7d32d-dc1b-496b-a4a6-46f51e3f3f11"
          ],
          "failures": [],
          "pending": [],
          "skipped": [],
          "duration": 149365,
          "root": false,
          "rootEmpty": false,
          "_timeout": 2000
        }
      ],
      "passes": [],
      "failures": [],
      "pending": [],
      "skipped": [],
      "duration": 0,
      "root": true,
      "rootEmpty": true,
      "_timeout": 2000
    }
  ],
  "meta": {
    "mocha": {
      "version": "7.0.1"
    },
    "mochawesome": {
      "options": {
        "quiet": false,
        "reportFilename": "mochawesome",
        "saveHtml": false,
        "saveJson": true,
        "consoleReporter": "spec",
        "useInlineDiffs": false,
        "code": true
      },
      "version": "7.1.3"
    },
    "marge": {
      "options": {
        "reportDir": "cypress/reports",
        "charts": true,
        "reportPageTitle": "Cypress Inline Reporter",
        "embeddedScreenshots": true,
        "inlineAssets": true,
        "overwrite": false,
        "html": false,
        "json": true,
        "video": true
      },
      "version": "6.2.0"
    }
  }
}