{
  "stats": {
    "suites": 1,
    "tests": 1,
    "passes": 1,
    "pending": 0,
    "failures": 0,
    "start": "2024-05-15T13:58:14.053Z",
    "end": "2024-05-15T13:58:47.571Z",
    "duration": 33518,
    "testsRegistered": 1,
    "passPercent": 100,
    "pendingPercent": 0,
    "other": 0,
    "hasOther": false,
    "skipped": 0,
    "hasSkipped": false
  },
  "results": [
    {
      "uuid": "68c7e5d3-0834-4dd4-8ddc-cd4942b345d2",
      "title": "",
      "fullFile": "cypress\\integration\\examples\\Dashboard.js",
      "file": "cypress\\integration\\examples\\Dashboard.js",
      "beforeHooks": [],
      "afterHooks": [],
      "tests": [],
      "suites": [
        {
          "uuid": "c173f8fd-20d1-4830-9882-61a14f26d179",
          "title": "Dashboard page verification",
          "fullFile": "",
          "file": "",
          "beforeHooks": [],
          "afterHooks": [],
          "tests": [
            {
              "title": "Dashboard page Charts and graphs",
              "fullTitle": "Dashboard page verification Dashboard page Charts and graphs",
              "timedOut": null,
              "duration": 28480,
              "state": "passed",
              "speed": "slow",
              "pass": true,
              "fail": false,
              "pending": false,
              "context": "{\n  \"title\": \"cypress-mochawesome-reporter-videos-passed\",\n  \"value\": \"cypress\\\\integration\\\\examples\\\\Dashboard.js\"\n}",
              "code": "//cy.visit('https://solclearskyqa.azurewebsites.net/Identity/Account/Login');\ncy.visit(Cypress.env('url') + \"/Identity/Account/Login\");\n//cy.visit('/Identity/Account/Login');\n//cy.visit(`${Cypress.env('baseUrl')}/login`);\ncy.fixture('example').then(exampleData => {\n  // Extract the credentials of the user at the 2nd index\n  const user = exampleData.users[2]; // Index 1 corresponds to the 2nd user\n  const {\n    email,\n    password\n  } = user;\n  cy.loginAsSalesUser(user.email, user.password);\n});\ncy.contains('Dashboard').should('be.visible');\nconsole.log('login as a user');\ncy.get('#VolumeBarChart').should('exist');",
              "err": {},
              "uuid": "a53017a5-69a0-4dd2-8e1c-0493497e372a",
              "parentUUID": "c173f8fd-20d1-4830-9882-61a14f26d179",
              "isHook": false,
              "skipped": false
            }
          ],
          "suites": [],
          "passes": [
            "a53017a5-69a0-4dd2-8e1c-0493497e372a"
          ],
          "failures": [],
          "pending": [],
          "skipped": [],
          "duration": 28480,
          "root": false,
          "rootEmpty": false,
          "_timeout": 2000
        }
      ],
      "passes": [],
      "failures": [],
      "pending": [],
      "skipped": [],
      "duration": 0,
      "root": true,
      "rootEmpty": true,
      "_timeout": 2000
    }
  ],
  "meta": {
    "mocha": {
      "version": "7.0.1"
    },
    "mochawesome": {
      "options": {
        "quiet": false,
        "reportFilename": "mochawesome",
        "saveHtml": false,
        "saveJson": true,
        "consoleReporter": "spec",
        "useInlineDiffs": false,
        "code": true
      },
      "version": "7.1.3"
    },
    "marge": {
      "options": {
        "reportDir": "cypress/reports",
        "charts": true,
        "reportPageTitle": "Cypress Inline Reporter",
        "embeddedScreenshots": true,
        "inlineAssets": true,
        "overwrite": false,
        "html": false,
        "json": true,
        "video": true
      },
      "version": "6.2.0"
    }
  }
}