{
  "stats": {
    "suites": 1,
    "tests": 1,
    "passes": 1,
    "pending": 0,
    "failures": 0,
    "start": "2024-05-15T11:44:24.672Z",
    "end": "2024-05-15T11:45:12.181Z",
    "duration": 47509,
    "testsRegistered": 1,
    "passPercent": 100,
    "pendingPercent": 0,
    "other": 0,
    "hasOther": false,
    "skipped": 0,
    "hasSkipped": false
  },
  "results": [
    {
      "uuid": "1e9ea2f5-f0a9-4876-ad2f-d5bb908eaa37",
      "title": "",
      "fullFile": "cypress\\integration\\examples\\Login.js",
      "file": "cypress\\integration\\examples\\Login.js",
      "beforeHooks": [],
      "afterHooks": [],
      "tests": [],
      "suites": [
        {
          "uuid": "702cb870-cbd8-4bc9-8cc9-2cbe8c26445c",
          "title": "Login as multiple users",
          "fullFile": "",
          "file": "",
          "beforeHooks": [],
          "afterHooks": [],
          "tests": [
            {
              "title": "logs in as sales users and logs out",
              "fullTitle": "Login as multiple users logs in as sales users and logs out",
              "timedOut": null,
              "duration": 39624,
              "state": "passed",
              "speed": "slow",
              "pass": true,
              "fail": false,
              "pending": false,
              "context": "{\n  \"title\": \"cypress-mochawesome-reporter-videos-passed\",\n  \"value\": \"cypress\\\\integration\\\\examples\\\\Login.js\"\n}",
              "code": "// Visit the login page\n//cy.visit('https://solclearskyqa.azurewebsites.net/Identity/Account/Login');\ncy.visit(Cypress.env('url'));\n// Perform login for each user\ncy.get('@userData').each(user => {\n  cy.get('#Input_Email').clear().type(user.email);\n  cy.get('.btn').click();\n  //cy.wait(3000)\n  cy.get('.shivanand').clear().type(user.password);\n  //cy.get('#password-a159af27-d8bb-4454-b8b7-ff4b435311b0')\n  cy.get('.btn-primary').click();\n  // Wait for login process to complete (you may adjust the wait time as needed)\n  cy.wait(2000);\n  // Assert that the dashboard is visible after login\n  cy.contains('Dashboard').should('be.visible');\n  console.log(`Logged in as ${user.email}`);\n  // Click on the logout button\n  cy.get('#header > div.menu > div > a').click();\n  // Assert that the logout dropdown is visible\n  cy.get('#header > div.menu > div > div > form > button').should('be.visible');\n  // Click on the logout button inside the dropdown\n  cy.get('.dropdown-item').click();\n  // Assert that the user is redirected to the login page after logout\n  cy.url().should('include', '/Login');\n});",
              "err": {},
              "uuid": "6079f664-b1c3-4c55-b2da-facce35e1a2e",
              "parentUUID": "702cb870-cbd8-4bc9-8cc9-2cbe8c26445c",
              "isHook": false,
              "skipped": false
            }
          ],
          "suites": [],
          "passes": [
            "6079f664-b1c3-4c55-b2da-facce35e1a2e"
          ],
          "failures": [],
          "pending": [],
          "skipped": [],
          "duration": 39624,
          "root": false,
          "rootEmpty": false,
          "_timeout": 2000
        }
      ],
      "passes": [],
      "failures": [],
      "pending": [],
      "skipped": [],
      "duration": 0,
      "root": true,
      "rootEmpty": true,
      "_timeout": 2000
    }
  ],
  "meta": {
    "mocha": {
      "version": "7.0.1"
    },
    "mochawesome": {
      "options": {
        "quiet": false,
        "reportFilename": "mochawesome",
        "saveHtml": false,
        "saveJson": true,
        "consoleReporter": "spec",
        "useInlineDiffs": false,
        "code": true
      },
      "version": "7.1.3"
    },
    "marge": {
      "options": {
        "reportDir": "cypress/reports",
        "charts": true,
        "reportPageTitle": "Cypress Inline Reporter",
        "embeddedScreenshots": true,
        "inlineAssets": true,
        "overwrite": false,
        "html": false,
        "json": true,
        "video": true
      },
      "version": "6.2.0"
    }
  }
}